<?xml version="1.0" encoding="UTF-8"?>
<testng-results skipped="0" failed="1" ignored="2" total="3" passed="0">
  <reporter-output>
  </reporter-output>
  <suite name="Default suite" duration-ms="24600" started-at="2020-10-06T17:43:42 CDT" finished-at="2020-10-06T17:44:07 CDT">
    <groups>
    </groups>
    <test name="Default test" duration-ms="24600" started-at="2020-10-06T17:43:42 CDT" finished-at="2020-10-06T17:44:07 CDT">
      <class name="tests.VisitMinuteClinicTest">
        <test-method status="PASS" signature="goToSite()[pri:0, instance:tests.VisitMinuteClinicTest@50b494a6]" name="goToSite" is-config="true" duration-ms="12878" started-at="2020-10-06T17:43:42 CDT" finished-at="2020-10-06T17:43:55 CDT">
          <reporter-output>
          </reporter-output>
        </test-method> <!-- goToSite -->
        <test-method status="FAIL" signature="verifyZipCodeDisplayed()[pri:3, instance:tests.VisitMinuteClinicTest@50b494a6]" name="verifyZipCodeDisplayed" duration-ms="11561" started-at="2020-10-06T17:43:55 CDT" finished-at="2020-10-06T17:44:07 CDT">
          <exception class="java.lang.AssertionError">
            <message>
              <![CDATA[did not expect to find [94087] but found [null]]]>
            </message>
            <full-stacktrace>
              <![CDATA[java.lang.AssertionError: did not expect to find [94087] but found [null]
at org.testng.Assert.fail(Assert.java:97)
at org.testng.Assert.failNotEquals(Assert.java:969)
at org.testng.Assert.assertEqualsImpl(Assert.java:131)
at org.testng.Assert.assertEquals(Assert.java:118)
at org.testng.Assert.assertEquals(Assert.java:575)
at org.testng.Assert.assertEquals(Assert.java:585)
at tests.VisitMinuteClinicTest.verifyZipCodeDisplayed(VisitMinuteClinicTest.java:43)
at sun.reflect.NativeMethodAccessorImpl.invoke0(Native Method)
at sun.reflect.NativeMethodAccessorImpl.invoke(NativeMethodAccessorImpl.java:62)
at sun.reflect.DelegatingMethodAccessorImpl.invoke(DelegatingMethodAccessorImpl.java:43)
at java.lang.reflect.Method.invoke(Method.java:498)
at org.testng.internal.MethodInvocationHelper.invokeMethod(MethodInvocationHelper.java:133)
at org.testng.internal.TestInvoker.invokeMethod(TestInvoker.java:584)
at org.testng.internal.TestInvoker.invokeTestMethod(TestInvoker.java:172)
at org.testng.internal.MethodRunner.runInSequence(MethodRunner.java:46)
at org.testng.internal.TestInvoker$MethodInvocationAgent.invoke(TestInvoker.java:804)
at org.testng.internal.TestInvoker.invokeTestMethods(TestInvoker.java:145)
at org.testng.internal.TestMethodWorker.invokeTestMethods(TestMethodWorker.java:146)
at org.testng.internal.TestMethodWorker.run(TestMethodWorker.java:128)
at java.util.ArrayList.forEach(ArrayList.java:1257)
at org.testng.TestRunner.privateRun(TestRunner.java:770)
at org.testng.TestRunner.run(TestRunner.java:591)
at org.testng.SuiteRunner.runTest(SuiteRunner.java:402)
at org.testng.SuiteRunner.runSequentially(SuiteRunner.java:396)
at org.testng.SuiteRunner.privateRun(SuiteRunner.java:355)
at org.testng.SuiteRunner.run(SuiteRunner.java:304)
at org.testng.SuiteRunnerWorker.runSuite(SuiteRunnerWorker.java:53)
at org.testng.SuiteRunnerWorker.run(SuiteRunnerWorker.java:96)
at org.testng.TestNG.runSuitesSequentially(TestNG.java:1180)
at org.testng.TestNG.runSuitesLocally(TestNG.java:1102)
at org.testng.TestNG.runSuites(TestNG.java:1032)
at org.testng.TestNG.run(TestNG.java:1000)
at org.testng.remote.AbstractRemoteTestNG.run(AbstractRemoteTestNG.java:115)
at org.testng.remote.RemoteTestNG.initAndRun(RemoteTestNG.java:251)
at org.testng.remote.RemoteTestNG.main(RemoteTestNG.java:77)
]]>
            </full-stacktrace>
          </exception> <!-- java.lang.AssertionError -->
          <reporter-output>
          </reporter-output>
        </test-method> <!-- verifyZipCodeDisplayed -->
        <test-method status="PASS" signature="closeEverything()[pri:0, instance:tests.VisitMinuteClinicTest@50b494a6]" name="closeEverything" is-config="true" duration-ms="0" started-at="2020-10-06T17:44:07 CDT" finished-at="2020-10-06T17:44:07 CDT">
          <reporter-output>
          </reporter-output>
        </test-method> <!-- closeEverything -->
      </class> <!-- tests.VisitMinuteClinicTest -->
    </test> <!-- Default test -->
  </suite> <!-- Default suite -->
</testng-results>
